<?xml version="1.0" encoding="UTF-8"?>
<!-- Generated by org.testng.reporters.JUnitXMLReporter -->
<testsuite ignored="0" hostname="LAPTOP-V04633NU" failures="0" tests="2" name="Default test" time="37.644" errors="0" timestamp="2023-11-22T15:17:27 EST">
  <testcase classname="com.webshop.testcase.HomePageTest" name="testHomePageTitle" time="0.177"/>
  <testcase classname="com.webshop.testcase.HomePageTest" name="testWebShopImageIsDisplayed" time="0.249"/>
</testsuite> <!-- Default test -->
