<?xml version="1.0" encoding="UTF-8"?>
<!-- Generated by org.testng.reporters.JUnitXMLReporter -->
<testsuite ignored="1" hostname="LAPTOP-V04633NU" failures="0" tests="3" name="Test" time="46.069" errors="0" timestamp="2023-11-22T17:09:18 EST">
  <testcase classname="com.webshop.testcase.HomePageTest" name="testHomePageTitle" time="0.096"/>
  <testcase classname="com.webshop.testcase.HomePageTest" name="testWebShopImageIsDisplayed" time="0.305"/>
  <testcase classname="com.webshop.testcase.LoginPageTest" name="testLoginFunction" time="3.644"/>
  <testcase classname="com.webshop.testcase.BaseTest" name="@BeforeSuite setupReport" time="0.0">
    <ignored/>
  </testcase> <!-- @BeforeSuite setupReport -->
</testsuite> <!-- Test -->
