<?xml version="1.0" encoding="UTF-8"?>
<testng-results ignored="1" total="4" passed="3" failed="0" skipped="0">
  <reporter-output>
  </reporter-output>
  <suite started-at="2023-11-22T17:08:32 EST" name="Suite" finished-at="2023-11-22T17:09:18 EST" duration-ms="46069">
    <groups>
    </groups>
    <test started-at="2023-11-22T17:08:32 EST" name="Test" finished-at="2023-11-22T17:09:18 EST" duration-ms="46069">
      <class name="com.webshop.testcase.LoginPageTest">
        <test-method is-config="true" signature="setup()[pri:0, instance:com.webshop.testcase.LoginPageTest@101952da]" started-at="2023-11-22T17:09:04 EST" name="setup" finished-at="2023-11-22T17:09:10 EST" duration-ms="5617" status="PASS">
          <reporter-output>
          </reporter-output>
        </test-method> <!-- setup -->
        <test-method signature="testLoginFunction()[pri:0, instance:com.webshop.testcase.LoginPageTest@101952da]" started-at="2023-11-22T17:09:10 EST" name="testLoginFunction" finished-at="2023-11-22T17:09:14 EST" duration-ms="3644" status="PASS">
          <reporter-output>
          </reporter-output>
        </test-method> <!-- testLoginFunction -->
        <test-method is-config="true" signature="teardown()[pri:0, instance:com.webshop.testcase.LoginPageTest@101952da]" started-at="2023-11-22T17:09:14 EST" name="teardown" finished-at="2023-11-22T17:09:18 EST" duration-ms="4096" status="PASS">
          <reporter-output>
          </reporter-output>
        </test-method> <!-- teardown -->
      </class> <!-- com.webshop.testcase.LoginPageTest -->
      <class name="com.webshop.testcase.HomePageTest">
        <test-method is-config="true" signature="setupReport()[pri:0, instance:com.webshop.testcase.HomePageTest@50b5ac82]" started-at="2023-11-22T17:08:31 EST" name="setupReport" finished-at="2023-11-22T17:08:32 EST" duration-ms="484" status="PASS">
          <reporter-output>
          </reporter-output>
        </test-method> <!-- setupReport -->
        <test-method is-config="true" signature="setup()[pri:0, instance:com.webshop.testcase.HomePageTest@50b5ac82]" started-at="2023-11-22T17:08:32 EST" name="setup" finished-at="2023-11-22T17:08:44 EST" duration-ms="12575" status="PASS">
          <reporter-output>
          </reporter-output>
        </test-method> <!-- setup -->
        <test-method signature="testHomePageTitle()[pri:0, instance:com.webshop.testcase.HomePageTest@50b5ac82]" started-at="2023-11-22T17:08:44 EST" name="testHomePageTitle" finished-at="2023-11-22T17:08:44 EST" duration-ms="96" status="PASS">
          <reporter-output>
          </reporter-output>
        </test-method> <!-- testHomePageTitle -->
        <test-method is-config="true" signature="teardown()[pri:0, instance:com.webshop.testcase.HomePageTest@50b5ac82]" started-at="2023-11-22T17:08:44 EST" name="teardown" finished-at="2023-11-22T17:08:49 EST" duration-ms="4504" status="PASS">
          <reporter-output>
          </reporter-output>
        </test-method> <!-- teardown -->
        <test-method is-config="true" signature="setup()[pri:0, instance:com.webshop.testcase.HomePageTest@50b5ac82]" started-at="2023-11-22T17:08:49 EST" name="setup" finished-at="2023-11-22T17:09:00 EST" duration-ms="10852" status="PASS">
          <reporter-output>
          </reporter-output>
        </test-method> <!-- setup -->
        <test-method signature="testWebShopImageIsDisplayed()[pri:0, instance:com.webshop.testcase.HomePageTest@50b5ac82]" started-at="2023-11-22T17:09:00 EST" name="testWebShopImageIsDisplayed" finished-at="2023-11-22T17:09:00 EST" duration-ms="305" status="PASS">
          <reporter-output>
          </reporter-output>
        </test-method> <!-- testWebShopImageIsDisplayed -->
        <test-method is-config="true" signature="teardown()[pri:0, instance:com.webshop.testcase.HomePageTest@50b5ac82]" started-at="2023-11-22T17:09:00 EST" name="teardown" finished-at="2023-11-22T17:09:04 EST" duration-ms="4294" status="PASS">
          <reporter-output>
          </reporter-output>
        </test-method> <!-- teardown -->
      </class> <!-- com.webshop.testcase.HomePageTest -->
    </test> <!-- Test -->
  </suite> <!-- Suite -->
</testng-results>
